  CPlusStudy.cpp
  Global.cpp
  Helper.cpp
C:\Program Files (x86)\Microsoft Visual Studio\2019\Professional\VC\Tools\MSVC\14.23.28105\include\xstring(2355,23): warning C4244: “参数”: 从“wchar_t”转换到“const _Elem”，可能丢失数据
C:\Program Files (x86)\Microsoft Visual Studio\2019\Professional\VC\Tools\MSVC\14.23.28105\include\xstring(2355,23): warning C4244:         with
C:\Program Files (x86)\Microsoft Visual Studio\2019\Professional\VC\Tools\MSVC\14.23.28105\include\xstring(2355,23): warning C4244:         [
C:\Program Files (x86)\Microsoft Visual Studio\2019\Professional\VC\Tools\MSVC\14.23.28105\include\xstring(2355,23): warning C4244:             _Elem=char
C:\Program Files (x86)\Microsoft Visual Studio\2019\Professional\VC\Tools\MSVC\14.23.28105\include\xstring(2355,23): warning C4244:         ]
C:\Program Files (x86)\Microsoft Visual Studio\2019\Professional\VC\Tools\MSVC\14.23.28105\include\xstring(2366): message : 查看对正在编译的函数 模板 实例化“void std::basic_string<char,std::char_traits<char>,std::allocator<char>>::_Construct<wchar_t*>(_Iter,const _Iter,std::input_iterator_tag)”的引用
C:\Program Files (x86)\Microsoft Visual Studio\2019\Professional\VC\Tools\MSVC\14.23.28105\include\xstring(2366): message :         with
C:\Program Files (x86)\Microsoft Visual Studio\2019\Professional\VC\Tools\MSVC\14.23.28105\include\xstring(2366): message :         [
C:\Program Files (x86)\Microsoft Visual Studio\2019\Professional\VC\Tools\MSVC\14.23.28105\include\xstring(2366): message :             _Iter=wchar_t *
C:\Program Files (x86)\Microsoft Visual Studio\2019\Professional\VC\Tools\MSVC\14.23.28105\include\xstring(2366): message :         ]
C:\Program Files (x86)\Microsoft Visual Studio\2019\Professional\VC\Tools\MSVC\14.23.28105\include\xstring(2366): message : 查看对正在编译的函数 模板 实例化“void std::basic_string<char,std::char_traits<char>,std::allocator<char>>::_Construct<wchar_t*>(_Iter,const _Iter,std::input_iterator_tag)”的引用
C:\Program Files (x86)\Microsoft Visual Studio\2019\Professional\VC\Tools\MSVC\14.23.28105\include\xstring(2366): message :         with
C:\Program Files (x86)\Microsoft Visual Studio\2019\Professional\VC\Tools\MSVC\14.23.28105\include\xstring(2366): message :         [
C:\Program Files (x86)\Microsoft Visual Studio\2019\Professional\VC\Tools\MSVC\14.23.28105\include\xstring(2366): message :             _Iter=wchar_t *
C:\Program Files (x86)\Microsoft Visual Studio\2019\Professional\VC\Tools\MSVC\14.23.28105\include\xstring(2366): message :         ]
C:\Program Files (x86)\Microsoft Visual Studio\2019\Professional\VC\Tools\MSVC\14.23.28105\include\xstring(2346): message : 查看对正在编译的函数 模板 实例化“void std::basic_string<char,std::char_traits<char>,std::allocator<char>>::_Construct<wchar_t*>(const _Iter,const _Iter,std::forward_iterator_tag)”的引用
C:\Program Files (x86)\Microsoft Visual Studio\2019\Professional\VC\Tools\MSVC\14.23.28105\include\xstring(2346): message :         with
C:\Program Files (x86)\Microsoft Visual Studio\2019\Professional\VC\Tools\MSVC\14.23.28105\include\xstring(2346): message :         [
C:\Program Files (x86)\Microsoft Visual Studio\2019\Professional\VC\Tools\MSVC\14.23.28105\include\xstring(2346): message :             _Iter=wchar_t *
C:\Program Files (x86)\Microsoft Visual Studio\2019\Professional\VC\Tools\MSVC\14.23.28105\include\xstring(2346): message :         ]
C:\Program Files (x86)\Microsoft Visual Studio\2019\Professional\VC\Tools\MSVC\14.23.28105\include\xstring(2346): message : 查看对正在编译的函数 模板 实例化“void std::basic_string<char,std::char_traits<char>,std::allocator<char>>::_Construct<wchar_t*>(const _Iter,const _Iter,std::forward_iterator_tag)”的引用
C:\Program Files (x86)\Microsoft Visual Studio\2019\Professional\VC\Tools\MSVC\14.23.28105\include\xstring(2346): message :         with
C:\Program Files (x86)\Microsoft Visual Studio\2019\Professional\VC\Tools\MSVC\14.23.28105\include\xstring(2346): message :         [
C:\Program Files (x86)\Microsoft Visual Studio\2019\Professional\VC\Tools\MSVC\14.23.28105\include\xstring(2346): message :             _Iter=wchar_t *
C:\Program Files (x86)\Microsoft Visual Studio\2019\Professional\VC\Tools\MSVC\14.23.28105\include\xstring(2346): message :         ]
D:\Github\CPlusStudy\CPlusStudy\Helper.cpp(118): message : 查看对正在编译的函数 模板 实例化“std::basic_string<char,std::char_traits<char>,std::allocator<char>>::basic_string<std::_String_iterator<std::_String_val<std::_Simple_types<_Elem>>>,void>(_Iter,_Iter,const _Alloc &)”的引用
D:\Github\CPlusStudy\CPlusStudy\Helper.cpp(118): message :         with
D:\Github\CPlusStudy\CPlusStudy\Helper.cpp(118): message :         [
D:\Github\CPlusStudy\CPlusStudy\Helper.cpp(118): message :             _Elem=wchar_t,
D:\Github\CPlusStudy\CPlusStudy\Helper.cpp(118): message :             _Iter=std::_String_iterator<std::_String_val<std::_Simple_types<wchar_t>>>,
D:\Github\CPlusStudy\CPlusStudy\Helper.cpp(118): message :             _Alloc=std::allocator<char>
D:\Github\CPlusStudy\CPlusStudy\Helper.cpp(118): message :         ]
  正在生成代码...
D:\Github\CPlusStudy\CPlusStudy\Helper.cpp(118): message : 查看对正在编译的函数 模板 实例化“std::basic_string<char,std::char_traits<char>,std::allocator<char>>::basic_string<std::_String_iterator<std::_String_val<std::_Simple_types<_Elem>>>,void>(_Iter,_Iter,const _Alloc &)”的引用
D:\Github\CPlusStudy\CPlusStudy\Helper.cpp(118): message :         with
D:\Github\CPlusStudy\CPlusStudy\Helper.cpp(118): message :         [
D:\Github\CPlusStudy\CPlusStudy\Helper.cpp(118): message :             _Elem=wchar_t,
D:\Github\CPlusStudy\CPlusStudy\Helper.cpp(118): message :             _Iter=std::_String_iterator<std::_String_val<std::_Simple_types<wchar_t>>>,
D:\Github\CPlusStudy\CPlusStudy\Helper.cpp(118): message :             _Alloc=std::allocator<char>
D:\Github\CPlusStudy\CPlusStudy\Helper.cpp(118): message :         ]
  CPlusStudy.vcxproj -> D:\Github\CPlusStudy\x64\Debug\CPlusStudy.exe
